#
# A fatal error has been detected by the Java Runtime Environment:
#
#  SIGSEGV (0xb) at pc=0x000000012dbc5c3e, pid=1475, tid=51459
#
# JRE version: Java(TM) SE Runtime Environment (8.0_25-b17) (build 1.8.0_25-b17)
# Java VM: Java HotSpot(TM) 64-Bit Server VM (25.25-b02 mixed mode bsd-amd64 compressed oops)
# Problematic frame:
# C  [libtesseract.dylib+0x13c3e]  _ZN9tesseract9Tesseract15recog_all_wordsEP8PAGE_RESP10ETEXT_DESCPK4TBOXPKci+0xa0
#
# Failed to write core dump. Core dumps have been disabled. To enable core dumping, try "ulimit -c unlimited" before starting Java again
#
# If you would like to submit a bug report, please visit:
#   http://bugreport.sun.com/bugreport/crash.jsp
# The crash happened outside the Java Virtual Machine in native code.
# See problematic frame for where to report the bug.
#

---------------  T H R E A D  ---------------

Current thread (0x00007fe762000000):  JavaThread "http-nio-8080-exec-5" daemon [_thread_in_native, id=51459, stack(0x000070000a4fb000,0x000070000a5fb000)]

siginfo: si_signo: 11 (SIGSEGV), si_code: 1 (SEGV_MAPERR), si_addr: 0x000000000000000c

Registers:
RAX=0x0000000000000000, RBX=0x00007fe76315d740, RCX=0x0000000000000000, RDX=0x00007fe763155330
RSP=0x000070000a5f70e0, RBP=0x000070000a5f7250, RSI=0x0000000000000000, RDI=0x000070000a5f71a8
R8 =0x0000000000000000, R9 =0x0000000000000000, R10=0x00000000fffffe00, R11=0x00007fe763200000
R12=0x0000000000000000, R13=0x0000000000000000, R14=0x0000000000000000, R15=0x000000012c5d5000
RIP=0x000000012dbc5c3e, EFLAGS=0x0000000000010246, ERR=0x0000000000000004
  TRAPNO=0x000000000000000e

Top of Stack: (sp=0x000070000a5f70e0)
0x000070000a5f70e0:   00007fe763249fc0 00007fe76315d740
0x000070000a5f70f0:   0000000000000000 0000000000000000
0x000070000a5f7100:   0000000000000000 00007fe76315a190
0x000070000a5f7110:   00007fe763155330 00007fe763157630
0x000070000a5f7120:   00007fe763124b50 00007fe763155330
0x000070000a5f7130:   00007fe763157630 00007fe76315d748
0x000070000a5f7140:   00007fe763157630 00007fe763157630
0x000070000a5f7150:   00007fe763157630 00007fe763260000
0x000070000a5f7160:   00007fe763157630 00007fe763155300
0x000070000a5f7170:   00007fe763157658 00007fe763248570
0x000070000a5f7180:   00007fe763155330 00007fe7617f6d90
0x000070000a5f7190:   00007fe763150000 00007fe763155330
0x000070000a5f71a0:   000070000a5f7200 00007fe763155350
0x000070000a5f71b0:   00007fe763124b50 00007fe76315c5b0
0x000070000a5f71c0:   00007fe763129540 00007fe763150000
0x000070000a5f71d0:   00007fe76315a190 000000012dbb4901
0x000070000a5f71e0:   00007fe7617d6af0 000000012dd69033
0x000070000a5f71f0:   000000012c5d5150 00007fe7631014e0
0x000070000a5f7200:   00007fe7631014e0 000000012c5d5000
0x000070000a5f7210:   0000000000000000 0000000000000000
0x000070000a5f7220:   000070000a5f7250 000070000a5f7201
0x000070000a5f7230:   00007fe7631014e0 000000012c5d5000
0x000070000a5f7240:   00000000ffffffff 0000000000000000
0x000070000a5f7250:   000070000a5f72c0 000000012dbb65a4
0x000070000a5f7260:   000070000a5f7160 000070000a5f7190
0x000070000a5f7270:   0000000000000001 000000079bb20588
0x000070000a5f7280:   0000001600000000 00000007400170d8
0x000070000a5f7290:   010070000a5f7210 00007fe7631014e0
0x000070000a5f72a0:   0000000000000000 0000000128f684e4
0x000070000a5f72b0:   0000000000000000 f53b752b0b700045
0x000070000a5f72c0:   000070000a5f72f0 000000012dbb54fd
0x000070000a5f72d0:   0000000000000000 000070000a5f7250 

Instructions: (pc=0x000000012dbc5c3e)
0x000000012dbc5c1e:   83 bf 90 15 00 00 00 7e 0d 4d 89 f4 4c 89 ff e8
0x000000012dbc5c2e:   be cf 0b 00 eb 18 4d 89 f4 49 8b 87 38 0a 00 00
0x000000012dbc5c3e:   80 78 0c 00 74 08 4c 89 ff e8 18 d0 0b 00 48 89
0x000000012dbc5c4e:   5d d0 41 83 bf e8 47 02 00 00 7e 3e 31 db 49 8b 

Register to memory mapping:

RAX=0x0000000000000000 is an unknown value
RBX=0x00007fe76315d740 is an unknown value
RCX=0x0000000000000000 is an unknown value
RDX=0x00007fe763155330 is an unknown value
RSP=0x000070000a5f70e0 is pointing into the stack for thread: 0x00007fe762000000
RBP=0x000070000a5f7250 is pointing into the stack for thread: 0x00007fe762000000
RSI=0x0000000000000000 is an unknown value
RDI=0x000070000a5f71a8 is pointing into the stack for thread: 0x00007fe762000000
R8 =0x0000000000000000 is an unknown value
R9 =0x0000000000000000 is an unknown value
R10=0x00000000fffffe00 is an unknown value
R11=0x00007fe763200000 is an unknown value
R12=0x0000000000000000 is an unknown value
R13=0x0000000000000000 is an unknown value
R14=0x0000000000000000 is an unknown value
R15=0x000000012c5d5000 is an unknown value


Stack: [0x000070000a4fb000,0x000070000a5fb000],  sp=0x000070000a5f70e0,  free space=1008k
Native frames: (J=compiled Java code, j=interpreted, Vv=VM code, C=native code)
C  [libtesseract.dylib+0x13c3e]  _ZN9tesseract9Tesseract15recog_all_wordsEP8PAGE_RESP10ETEXT_DESCPK4TBOXPKci+0xa0
C  [libtesseract.dylib+0x45a4]  _ZN9tesseract11TessBaseAPI9RecognizeEP10ETEXT_DESC+0x376
C  [libtesseract.dylib+0x34fd]  _ZN9tesseract11TessBaseAPI11GetUTF8TextEv+0x2b
C  [jna6960716016096691659.tmp+0xdef4]  ffi_call_unix64+0x4c
C  0x000070000a5f7d08

Java frames: (J=compiled Java code, j=interpreted, Vv=VM code)
j  com.sun.jna.Native.invokePointer(Lcom/sun/jna/Function;JI[Ljava/lang/Object;)J+0
j  com.sun.jna.Function.invokePointer(I[Ljava/lang/Object;)Lcom/sun/jna/Pointer;+7
j  com.sun.jna.Function.invoke([Ljava/lang/Object;Ljava/lang/Class;ZI)Ljava/lang/Object;+385
j  com.sun.jna.Function.invoke(Ljava/lang/reflect/Method;[Ljava/lang/Class;Ljava/lang/Class;[Ljava/lang/Object;Ljava/util/Map;)Ljava/lang/Object;+271
j  com.sun.jna.Library$Handler.invoke(Ljava/lang/Object;Ljava/lang/reflect/Method;[Ljava/lang/Object;)Ljava/lang/Object;+344
j  com.sun.proxy.$Proxy59.TessBaseAPIGetUTF8Text(Lnet/sourceforge/tess4j/ITessAPI$TessBaseAPI;)Lcom/sun/jna/Pointer;+16
j  net.sourceforge.tess4j.Tesseract.getOCRText(Ljava/lang/String;I)Ljava/lang/String;+62
j  net.sourceforge.tess4j.Tesseract.doOCR(Ljava/util/List;Ljava/lang/String;Ljava/awt/Rectangle;)Ljava/lang/String;+69
j  net.sourceforge.tess4j.Tesseract.doOCR(Ljava/util/List;Ljava/awt/Rectangle;)Ljava/lang/String;+4
j  net.sourceforge.tess4j.Tesseract.doOCR(Ljava/awt/image/BufferedImage;Ljava/awt/Rectangle;)Ljava/lang/String;+6
j  net.sourceforge.tess4j.Tesseract.doOCR(Ljava/awt/image/BufferedImage;)Ljava/lang/String;+3
j  util.TesseractUtil.doOCR(Ljava/awt/image/BufferedImage;)Ljava/lang/String;+6
j  ocrlocal.OcrLocal.traduzir(Lorg/springframework/web/multipart/MultipartFile;)Lorg/springframework/http/ResponseEntity;+53
v  ~StubRoutines::call_stub
J 1573  sun.reflect.NativeMethodAccessorImpl.invoke0(Ljava/lang/reflect/Method;Ljava/lang/Object;[Ljava/lang/Object;)Ljava/lang/Object; (0 bytes) @ 0x0000000110a94b37 [0x0000000110a94ac0+0x77]
J 1572 C1 sun.reflect.NativeMethodAccessorImpl.invoke(Ljava/lang/Object;[Ljava/lang/Object;)Ljava/lang/Object; (104 bytes) @ 0x0000000110a9426c [0x0000000110a93ea0+0x3cc]
J 1568 C1 sun.reflect.DelegatingMethodAccessorImpl.invoke(Ljava/lang/Object;[Ljava/lang/Object;)Ljava/lang/Object; (10 bytes) @ 0x0000000110a95eb4 [0x0000000110a95e40+0x74]
J 1569 C1 java.lang.reflect.Method.invoke(Ljava/lang/Object;[Ljava/lang/Object;)Ljava/lang/Object; (62 bytes) @ 0x0000000110a9577c [0x0000000110a95660+0x11c]
j  org.springframework.web.method.support.InvocableHandlerMethod.doInvoke([Ljava/lang/Object;)Ljava/lang/Object;+16
j  org.springframework.web.method.support.InvocableHandlerMethod.invokeForRequest(Lorg/springframework/web/context/request/NativeWebRequest;Lorg/springframework/web/method/support/ModelAndViewContainer;[Ljava/lang/Object;)Ljava/lang/Object;+56
j  org.springframework.web.servlet.mvc.method.annotation.ServletInvocableHandlerMethod.invokeAndHandle(Lorg/springframework/web/context/request/ServletWebRequest;Lorg/springframework/web/method/support/ModelAndViewContainer;[Ljava/lang/Object;)V+4
j  org.springframework.web.servlet.mvc.method.annotation.RequestMappingHandlerAdapter.invokeHandlerMethod(Ljavax/servlet/http/HttpServletRequest;Ljavax/servlet/http/HttpServletResponse;Lorg/springframework/web/method/HandlerMethod;)Lorg/springframework/web/servlet/ModelAndView;+244
j  org.springframework.web.servlet.mvc.method.annotation.RequestMappingHandlerAdapter.handleInternal(Ljavax/servlet/http/HttpServletRequest;Ljavax/servlet/http/HttpServletResponse;Lorg/springframework/web/method/HandlerMethod;)Lorg/springframework/web/servlet/ModelAndView;+81
j  org.springframework.web.servlet.mvc.method.AbstractHandlerMethodAdapter.handle(Ljavax/servlet/http/HttpServletRequest;Ljavax/servlet/http/HttpServletResponse;Ljava/lang/Object;)Lorg/springframework/web/servlet/ModelAndView;+7
j  org.springframework.web.servlet.DispatcherServlet.doDispatch(Ljavax/servlet/http/HttpServletRequest;Ljavax/servlet/http/HttpServletResponse;)V+257
j  org.springframework.web.servlet.DispatcherServlet.doService(Ljavax/servlet/http/HttpServletRequest;Ljavax/servlet/http/HttpServletResponse;)V+212
j  org.springframework.web.servlet.FrameworkServlet.processRequest(Ljavax/servlet/http/HttpServletRequest;Ljavax/servlet/http/HttpServletResponse;)V+71
j  org.springframework.web.servlet.FrameworkServlet.doPost(Ljavax/servlet/http/HttpServletRequest;Ljavax/servlet/http/HttpServletResponse;)V+3
j  javax.servlet.http.HttpServlet.service(Ljavax/servlet/http/HttpServletRequest;Ljavax/servlet/http/HttpServletResponse;)V+149
j  org.springframework.web.servlet.FrameworkServlet.service(Ljavax/servlet/http/HttpServletRequest;Ljavax/servlet/http/HttpServletResponse;)V+33
j  javax.servlet.http.HttpServlet.service(Ljavax/servlet/ServletRequest;Ljavax/servlet/ServletResponse;)V+36
j  org.apache.catalina.core.ApplicationFilterChain.internalDoFilter(Ljavax/servlet/ServletRequest;Ljavax/servlet/ServletResponse;)V+304
j  org.apache.catalina.core.ApplicationFilterChain.doFilter(Ljavax/servlet/ServletRequest;Ljavax/servlet/ServletResponse;)V+101
j  org.apache.tomcat.websocket.server.WsFilter.doFilter(Ljavax/servlet/ServletRequest;Ljavax/servlet/ServletResponse;Ljavax/servlet/FilterChain;)V+21
j  org.apache.catalina.core.ApplicationFilterChain.internalDoFilter(Ljavax/servlet/ServletRequest;Ljavax/servlet/ServletResponse;)V+135
j  org.apache.catalina.core.ApplicationFilterChain.doFilter(Ljavax/servlet/ServletRequest;Ljavax/servlet/ServletResponse;)V+101
j  org.springframework.web.filter.RequestContextFilter.doFilterInternal(Ljavax/servlet/http/HttpServletRequest;Ljavax/servlet/http/HttpServletResponse;Ljavax/servlet/FilterChain;)V+21
j  org.springframework.web.filter.OncePerRequestFilter.doFilter(Ljavax/servlet/ServletRequest;Ljavax/servlet/ServletResponse;Ljavax/servlet/FilterChain;)V+111
j  org.apache.catalina.core.ApplicationFilterChain.internalDoFilter(Ljavax/servlet/ServletRequest;Ljavax/servlet/ServletResponse;)V+135
j  org.apache.catalina.core.ApplicationFilterChain.doFilter(Ljavax/servlet/ServletRequest;Ljavax/servlet/ServletResponse;)V+101
j  org.springframework.web.filter.FormContentFilter.doFilterInternal(Ljavax/servlet/http/HttpServletRequest;Ljavax/servlet/http/HttpServletResponse;Ljavax/servlet/FilterChain;)V+38
j  org.springframework.web.filter.OncePerRequestFilter.doFilter(Ljavax/servlet/ServletRequest;Ljavax/servlet/ServletResponse;Ljavax/servlet/FilterChain;)V+111
j  org.apache.catalina.core.ApplicationFilterChain.internalDoFilter(Ljavax/servlet/ServletRequest;Ljavax/servlet/ServletResponse;)V+135
j  org.apache.catalina.core.ApplicationFilterChain.doFilter(Ljavax/servlet/ServletRequest;Ljavax/servlet/ServletResponse;)V+101
j  org.springframework.web.filter.HiddenHttpMethodFilter.doFilterInternal(Ljavax/servlet/http/HttpServletRequest;Ljavax/servlet/http/HttpServletResponse;Ljavax/servlet/FilterChain;)V+87
j  org.springframework.web.filter.OncePerRequestFilter.doFilter(Ljavax/servlet/ServletRequest;Ljavax/servlet/ServletResponse;Ljavax/servlet/FilterChain;)V+111
j  org.apache.catalina.core.ApplicationFilterChain.internalDoFilter(Ljavax/servlet/ServletRequest;Ljavax/servlet/ServletResponse;)V+135
j  org.apache.catalina.core.ApplicationFilterChain.doFilter(Ljavax/servlet/ServletRequest;Ljavax/servlet/ServletResponse;)V+101
j  org.springframework.web.filter.CharacterEncodingFilter.doFilterInternal(Ljavax/servlet/http/HttpServletRequest;Ljavax/servlet/http/HttpServletResponse;Ljavax/servlet/FilterChain;)V+53
j  org.springframework.web.filter.OncePerRequestFilter.doFilter(Ljavax/servlet/ServletRequest;Ljavax/servlet/ServletResponse;Ljavax/servlet/FilterChain;)V+111
j  org.apache.catalina.core.ApplicationFilterChain.internalDoFilter(Ljavax/servlet/ServletRequest;Ljavax/servlet/ServletResponse;)V+135
j  org.apache.catalina.core.ApplicationFilterChain.doFilter(Ljavax/servlet/ServletRequest;Ljavax/servlet/ServletResponse;)V+101
j  org.apache.catalina.core.StandardWrapperValve.invoke(Lorg/apache/catalina/connector/Request;Lorg/apache/catalina/connector/Response;)V+688
j  org.apache.catalina.core.StandardContextValve.invoke(Lorg/apache/catalina/connector/Request;Lorg/apache/catalina/connector/Response;)V+166
j  org.apache.catalina.authenticator.AuthenticatorBase.invoke(Lorg/apache/catalina/connector/Request;Lorg/apache/catalina/connector/Response;)V+260
j  org.apache.catalina.core.StandardHostValve.invoke(Lorg/apache/catalina/connector/Request;Lorg/apache/catalina/connector/Response;)V+114
j  org.apache.catalina.valves.ErrorReportValve.invoke(Lorg/apache/catalina/connector/Request;Lorg/apache/catalina/connector/Response;)V+6
j  org.apache.catalina.core.StandardEngineValve.invoke(Lorg/apache/catalina/connector/Request;Lorg/apache/catalina/connector/Response;)V+45
j  org.apache.catalina.connector.CoyoteAdapter.service(Lorg/apache/coyote/Request;Lorg/apache/coyote/Response;)V+199
j  org.apache.coyote.http11.Http11Processor.service(Lorg/apache/tomcat/util/net/SocketWrapperBase;)Lorg/apache/tomcat/util/net/AbstractEndpoint$Handler$SocketState;+791
j  org.apache.coyote.AbstractProcessorLight.process(Lorg/apache/tomcat/util/net/SocketWrapperBase;Lorg/apache/tomcat/util/net/SocketEvent;)Lorg/apache/tomcat/util/net/AbstractEndpoint$Handler$SocketState;+113
j  org.apache.coyote.AbstractProtocol$ConnectionHandler.process(Lorg/apache/tomcat/util/net/SocketWrapperBase;Lorg/apache/tomcat/util/net/SocketEvent;)Lorg/apache/tomcat/util/net/AbstractEndpoint$Handler$SocketState;+414
j  org.apache.tomcat.util.net.NioEndpoint$SocketProcessor.doRun()V+191
j  org.apache.tomcat.util.net.SocketProcessorBase.run()V+21
j  java.util.concurrent.ThreadPoolExecutor.runWorker(Ljava/util/concurrent/ThreadPoolExecutor$Worker;)V+95
j  java.util.concurrent.ThreadPoolExecutor$Worker.run()V+5
j  org.apache.tomcat.util.threads.TaskThread$WrappingRunnable.run()V+4
j  java.lang.Thread.run()V+11
v  ~StubRoutines::call_stub

---------------  P R O C E S S  ---------------

Java Threads: ( => current thread )
  0x00007fe76077c800 JavaThread "Java2D Disposer" daemon [_thread_blocked, id=54495, stack(0x0000700008f30000,0x0000700009030000)]
  0x00007fe76076d800 JavaThread "DestroyJavaVM" [_thread_blocked, id=6147, stack(0x0000700009036000,0x0000700009136000)]
  0x00007fe762bf0800 JavaThread "http-nio-8080-Acceptor-0" daemon [_thread_in_native, id=76803, stack(0x000070000ad13000,0x000070000ae13000)]
  0x00007fe762004800 JavaThread "http-nio-8080-ClientPoller-1" daemon [_thread_in_native, id=77315, stack(0x000070000ac10000,0x000070000ad10000)]
  0x00007fe762bcb000 JavaThread "http-nio-8080-ClientPoller-0" daemon [_thread_in_native, id=52995, stack(0x000070000ab0d000,0x000070000ac0d000)]
  0x00007fe762bf0000 JavaThread "http-nio-8080-exec-10" daemon [_thread_blocked, id=77827, stack(0x000070000aa0a000,0x000070000ab0a000)]
  0x00007fe762001800 JavaThread "http-nio-8080-exec-9" daemon [_thread_blocked, id=78083, stack(0x000070000a907000,0x000070000aa07000)]
  0x00007fe762bef000 JavaThread "http-nio-8080-exec-8" daemon [_thread_blocked, id=51971, stack(0x000070000a804000,0x000070000a904000)]
  0x00007fe762bcd000 JavaThread "http-nio-8080-exec-7" daemon [_thread_blocked, id=78595, stack(0x000070000a701000,0x000070000a801000)]
  0x00007fe762001000 JavaThread "http-nio-8080-exec-6" daemon [_thread_blocked, id=78851, stack(0x000070000a5fe000,0x000070000a6fe000)]
=>0x00007fe762000000 JavaThread "http-nio-8080-exec-5" daemon [_thread_in_native, id=51459, stack(0x000070000a4fb000,0x000070000a5fb000)]
  0x00007fe762299000 JavaThread "http-nio-8080-exec-4" daemon [_thread_blocked, id=50947, stack(0x000070000a3f8000,0x000070000a4f8000)]
  0x00007fe7604ac000 JavaThread "http-nio-8080-exec-3" daemon [_thread_blocked, id=25099, stack(0x000070000a2f5000,0x000070000a3f5000)]
  0x00007fe762bcc000 JavaThread "http-nio-8080-exec-2" daemon [_thread_blocked, id=33803, stack(0x000070000a1f2000,0x000070000a2f2000)]
  0x00007fe76016b800 JavaThread "http-nio-8080-exec-1" daemon [_thread_blocked, id=30727, stack(0x000070000a0ef000,0x000070000a1ef000)]
  0x00007fe762bca800 JavaThread "NioBlockingSelector.BlockPoller-1" daemon [_thread_in_native, id=42003, stack(0x0000700009fec000,0x000070000a0ec000)]
  0x00007fe75fab3800 JavaThread "container-0" [_thread_blocked, id=12807, stack(0x0000700009ee9000,0x0000700009fe9000)]
  0x00007fe75fa63800 JavaThread "Catalina-utility-2" [_thread_blocked, id=33287, stack(0x0000700009d60000,0x0000700009e60000)]
  0x00007fe762127800 JavaThread "Catalina-utility-1" [_thread_blocked, id=79891, stack(0x0000700009bda000,0x0000700009cda000)]
  0x00007fe7601b8800 JavaThread "AWT-AppKit" daemon [_thread_in_native, id=775, stack(0x00007ffee0410000,0x00007ffee0c10000)]
  0x00007fe76006f000 JavaThread "Service Thread" daemon [_thread_blocked, id=18435, stack(0x00007000099d4000,0x0000700009ad4000)]
  0x00007fe75f826800 JavaThread "C1 CompilerThread1" daemon [_thread_blocked, id=18947, stack(0x00007000098d1000,0x00007000099d1000)]
  0x00007fe760048000 JavaThread "C2 CompilerThread0" daemon [_thread_in_native, id=13315, stack(0x00007000097ce000,0x00007000098ce000)]
  0x00007fe76005e800 JavaThread "Signal Dispatcher" daemon [_thread_blocked, id=19207, stack(0x00007000096cb000,0x00007000097cb000)]
  0x00007fe76003e000 JavaThread "Finalizer" daemon [_thread_blocked, id=20995, stack(0x0000700009545000,0x0000700009645000)]
  0x00007fe75f844000 JavaThread "Reference Handler" daemon [_thread_blocked, id=11011, stack(0x0000700009442000,0x0000700009542000)]

Other Threads:
  0x00007fe75f841000 VMThread [stack: 0x000070000933f000,0x000070000943f000] [id=10755]
  0x00007fe75f827000 WatcherThread [stack: 0x0000700009ad7000,0x0000700009bd7000] [id=17923]

VM state:not at safepoint (normal execution)

VM Mutex/Monitor currently owned by a thread: None

Heap:
 PSYoungGen      total 117248K, used 19228K [0x0000000795580000, 0x00000007a0280000, 0x00000007c0000000)
  eden space 103936K, 5% used [0x0000000795580000,0x0000000795b4ac30,0x000000079bb00000)
  from space 13312K, 99% used [0x000000079bb00000,0x000000079c7fc568,0x000000079c800000)
  to   space 15872K, 0% used [0x000000079f300000,0x000000079f300000,0x00000007a0280000)
 ParOldGen       total 92160K, used 19206K [0x0000000740000000, 0x0000000745a00000, 0x0000000795580000)
  object space 92160K, 20% used [0x0000000740000000,0x00000007412c1b50,0x0000000745a00000)
 Metaspace       used 37215K, capacity 38780K, committed 39000K, reserved 1083392K
  class space    used 4829K, capacity 5101K, committed 5208K, reserved 1048576K

Card table byte_map: [0x000000011f9c0000,0x000000011fdc1000] byte_map_base: 0x000000011bfc0000

Marking Bits: (ParMarkBitMap*) 0x000000010faca390
 Begin Bits: [0x000000012006c000, 0x000000012206c000)
 End Bits:   [0x000000012206c000, 0x000000012406c000)

Polling page: 0x000000010f062000

CodeCache: size=245760Kb used=8993Kb max_used=8993Kb free=236766Kb
 bounds [0x0000000110600000, 0x0000000110f00000, 0x000000011f600000]
 total_blobs=3467 nmethods=3017 adapters=365
 compilation: enabled

Compilation events (10 events):
Event: 322.053 Thread 0x00007fe75f826800 3406       1       java.awt.image.ColorModel::hasAlpha (5 bytes)
Event: 322.054 Thread 0x00007fe75f826800 nmethod 3406 0x000000011076add0 code [0x000000011076af20, 0x000000011076b030]
Event: 322.054 Thread 0x00007fe75f826800 3407       1       java.awt.image.SampleModel::getTransferType (5 bytes)
Event: 322.054 Thread 0x00007fe75f826800 nmethod 3407 0x000000011076ab10 code [0x000000011076ac60, 0x000000011076ad70]
Event: 322.054 Thread 0x00007fe75f826800 3408       1       java.awt.image.Raster::getNumBands (5 bytes)
Event: 322.054 Thread 0x00007fe75f826800 nmethod 3408 0x00000001107b2310 code [0x00000001107b2460, 0x00000001107b2570]
Event: 322.054 Thread 0x00007fe75f826800 3409       1       sun.awt.image.ByteInterleavedRaster::getPixelStride (5 bytes)
Event: 322.054 Thread 0x00007fe75f826800 nmethod 3409 0x00000001107b2050 code [0x00000001107b21a0, 0x00000001107b22b0]
Event: 322.057 Thread 0x00007fe75f826800 3411       3       java.io.RandomAccessFile::readFully (45 bytes)
Event: 322.057 Thread 0x00007fe75f826800 nmethod 3411 0x00000001107b1950 code [0x00000001107b1ae0, 0x00000001107b1e98]

GC Heap History (10 events):
Event: 5.187 GC heap before
{Heap before GC invocations=5 (full 1):
 PSYoungGen      total 71680K, used 5095K [0x0000000795580000, 0x000000079a080000, 0x00000007c0000000)
  eden space 66560K, 0% used [0x0000000795580000,0x0000000795580000,0x0000000799680000)
  from space 5120K, 99% used [0x0000000799b80000,0x000000079a079dd8,0x000000079a080000)
  to   space 5120K, 0% used [0x0000000799680000,0x0000000799680000,0x0000000799b80000)
 ParOldGen       total 87552K, used 4459K [0x0000000740000000, 0x0000000745580000, 0x0000000795580000)
  object space 87552K, 5% used [0x0000000740000000,0x000000074045ad68,0x0000000745580000)
 Metaspace       used 20718K, capacity 21168K, committed 21248K, reserved 1067008K
  class space    used 2670K, capacity 2799K, committed 2816K, reserved 1048576K
Event: 5.288 GC heap after
Heap after GC invocations=5 (full 1):
 PSYoungGen      total 71680K, used 0K [0x0000000795580000, 0x000000079a080000, 0x00000007c0000000)
  eden space 66560K, 0% used [0x0000000795580000,0x0000000795580000,0x0000000799680000)
  from space 5120K, 0% used [0x0000000799b80000,0x0000000799b80000,0x000000079a080000)
  to   space 5120K, 0% used [0x0000000799680000,0x0000000799680000,0x0000000799b80000)
 ParOldGen       total 53248K, used 5850K [0x0000000740000000, 0x0000000743400000, 0x0000000795580000)
  object space 53248K, 10% used [0x0000000740000000,0x00000007405b6a88,0x0000000743400000)
 Metaspace       used 20717K, capacity 21166K, committed 21248K, reserved 1067008K
  class space    used 2670K, capacity 2798K, committed 2816K, reserved 1048576K
}
Event: 7.865 GC heap before
{Heap before GC invocations=6 (full 1):
 PSYoungGen      total 71680K, used 66560K [0x0000000795580000, 0x000000079a080000, 0x00000007c0000000)
  eden space 66560K, 100% used [0x0000000795580000,0x0000000799680000,0x0000000799680000)
  from space 5120K, 0% used [0x0000000799b80000,0x0000000799b80000,0x000000079a080000)
  to   space 5120K, 0% used [0x0000000799680000,0x0000000799680000,0x0000000799b80000)
 ParOldGen       total 53248K, used 5850K [0x0000000740000000, 0x0000000743400000, 0x0000000795580000)
  object space 53248K, 10% used [0x0000000740000000,0x00000007405b6a88,0x0000000743400000)
 Metaspace       used 28051K, capacity 29096K, committed 29184K, reserved 1075200K
  class space    used 3629K, capacity 3823K, committed 3840K, reserved 1048576K
Event: 7.898 GC heap after
Heap after GC invocations=6 (full 1):
 PSYoungGen      total 71680K, used 5111K [0x0000000795580000, 0x000000079d100000, 0x00000007c0000000)
  eden space 66560K, 0% used [0x0000000795580000,0x0000000795580000,0x0000000799680000)
  from space 5120K, 99% used [0x0000000799680000,0x0000000799b7dfe0,0x0000000799b80000)
  to   space 9216K, 0% used [0x000000079c800000,0x000000079c800000,0x000000079d100000)
 ParOldGen       total 53248K, used 9068K [0x0000000740000000, 0x0000000743400000, 0x0000000795580000)
  object space 53248K, 17% used [0x0000000740000000,0x00000007408db0b0,0x0000000743400000)
 Metaspace       used 28051K, capacity 29096K, committed 29184K, reserved 1075200K
  class space    used 3629K, capacity 3823K, committed 3840K, reserved 1048576K
}
Event: 10.165 GC heap before
{Heap before GC invocations=7 (full 1):
 PSYoungGen      total 71680K, used 69730K [0x0000000795580000, 0x000000079d100000, 0x00000007c0000000)
  eden space 66560K, 97% used [0x0000000795580000,0x000000079949abd0,0x0000000799680000)
  from space 5120K, 99% used [0x0000000799680000,0x0000000799b7dfe0,0x0000000799b80000)
  to   space 9216K, 0% used [0x000000079c800000,0x000000079c800000,0x000000079d100000)
 ParOldGen       total 53248K, used 9068K [0x0000000740000000, 0x0000000743400000, 0x0000000795580000)
  object space 53248K, 17% used [0x0000000740000000,0x00000007408db0b0,0x0000000743400000)
 Metaspace       used 33891K, capacity 35334K, committed 35416K, reserved 1079296K
  class space    used 4368K, capacity 4626K, committed 4696K, reserved 1048576K
Event: 10.216 GC heap after
Heap after GC invocations=7 (full 1):
 PSYoungGen      total 113152K, used 9197K [0x0000000795580000, 0x000000079d800000, 0x00000007c0000000)
  eden space 103936K, 0% used [0x0000000795580000,0x0000000795580000,0x000000079bb00000)
  from space 9216K, 99% used [0x000000079c800000,0x000000079d0fb4c0,0x000000079d100000)
  to   space 13312K, 0% used [0x000000079bb00000,0x000000079bb00000,0x000000079c800000)
 ParOldGen       total 53248K, used 14295K [0x0000000740000000, 0x0000000743400000, 0x0000000795580000)
  object space 53248K, 26% used [0x0000000740000000,0x0000000740df5f78,0x0000000743400000)
 Metaspace       used 33891K, capacity 35334K, committed 35416K, reserved 1079296K
  class space    used 4368K, capacity 4626K, committed 4696K, reserved 1048576K
}
Event: 10.217 GC heap before
{Heap before GC invocations=8 (full 2):
 PSYoungGen      total 113152K, used 9197K [0x0000000795580000, 0x000000079d800000, 0x00000007c0000000)
  eden space 103936K, 0% used [0x0000000795580000,0x0000000795580000,0x000000079bb00000)
  from space 9216K, 99% used [0x000000079c800000,0x000000079d0fb4c0,0x000000079d100000)
  to   space 13312K, 0% used [0x000000079bb00000,0x000000079bb00000,0x000000079c800000)
 ParOldGen       total 53248K, used 14295K [0x0000000740000000, 0x0000000743400000, 0x0000000795580000)
  object space 53248K, 26% used [0x0000000740000000,0x0000000740df5f78,0x0000000743400000)
 Metaspace       used 33891K, capacity 35334K, committed 35416K, reserved 1079296K
  class space    used 4368K, capacity 4626K, committed 4696K, reserved 1048576K
Event: 10.458 GC heap after
Heap after GC invocations=8 (full 2):
 PSYoungGen      total 113152K, used 0K [0x0000000795580000, 0x000000079d800000, 0x00000007c0000000)
  eden space 103936K, 0% used [0x0000000795580000,0x0000000795580000,0x000000079bb00000)
  from space 9216K, 0% used [0x000000079c800000,0x000000079c800000,0x000000079d100000)
  to   space 13312K, 0% used [0x000000079bb00000,0x000000079bb00000,0x000000079c800000)
 ParOldGen       total 92160K, used 17794K [0x0000000740000000, 0x0000000745a00000, 0x0000000795580000)
  object space 92160K, 19% used [0x0000000740000000,0x00000007411609d8,0x0000000745a00000)
 Metaspace       used 33891K, capacity 35334K, committed 35416K, reserved 1079296K
  class space    used 4368K, capacity 4626K, committed 4696K, reserved 1048576K
}
Event: 322.081 GC heap before
{Heap before GC invocations=9 (full 2):
 PSYoungGen      total 113152K, used 101515K [0x0000000795580000, 0x000000079d800000, 0x00000007c0000000)
  eden space 103936K, 97% used [0x0000000795580000,0x000000079b8a2df8,0x000000079bb00000)
  from space 9216K, 0% used [0x000000079c800000,0x000000079c800000,0x000000079d100000)
  to   space 13312K, 0% used [0x000000079bb00000,0x000000079bb00000,0x000000079c800000)
 ParOldGen       total 92160K, used 17794K [0x0000000740000000, 0x0000000745a00000, 0x0000000795580000)
  object space 92160K, 19% used [0x0000000740000000,0x00000007411609d8,0x0000000745a00000)
 Metaspace       used 37198K, capacity 38780K, committed 39000K, reserved 1083392K
  class space    used 4828K, capacity 5101K, committed 5208K, reserved 1048576K
Event: 322.107 GC heap after
Heap after GC invocations=9 (full 2):
 PSYoungGen      total 117248K, used 13297K [0x0000000795580000, 0x00000007a0280000, 0x00000007c0000000)
  eden space 103936K, 0% used [0x0000000795580000,0x0000000795580000,0x000000079bb00000)
  from space 13312K, 99% used [0x000000079bb00000,0x000000079c7fc568,0x000000079c800000)
  to   space 15872K, 0% used [0x000000079f300000,0x000000079f300000,0x00000007a0280000)
 ParOldGen       total 92160K, used 19206K [0x0000000740000000, 0x0000000745a00000, 0x0000000795580000)
  object space 92160K, 20% used [0x0000000740000000,0x00000007412c1b50,0x0000000745a00000)
 Metaspace       used 37198K, capacity 38780K, committed 39000K, reserved 1083392K
  class space    used 4828K, capacity 5101K, committed 5208K, reserved 1048576K
}

Deoptimization events (10 events):
Event: 4.286 Thread 0x00007fe7601ec800 Uncommon trap: reason=class_check action=maybe_recompile pc=0x00000001109657f4 method=java.util.HashMap.putVal(ILjava/lang/Object;Ljava/lang/Object;ZZ)Ljava/lang/Object; @ 203
Event: 4.296 Thread 0x00007fe7601ec800 Uncommon trap: reason=class_check action=maybe_recompile pc=0x00000001109657f4 method=java.util.HashMap.putVal(ILjava/lang/Object;Ljava/lang/Object;ZZ)Ljava/lang/Object; @ 203
Event: 6.232 Thread 0x00007fe75f80c800 Uncommon trap: reason=class_check action=maybe_recompile pc=0x00000001109697dc method=java.util.HashMap.putVal(ILjava/lang/Object;Ljava/lang/Object;ZZ)Ljava/lang/Object; @ 203
Event: 7.672 Thread 0x00007fe75f80c800 Uncommon trap: reason=bimorphic action=maybe_recompile pc=0x0000000110c1dd4c method=java.util.HashMap.putVal(ILjava/lang/Object;Ljava/lang/Object;ZZ)Ljava/lang/Object; @ 253
Event: 7.721 Thread 0x00007fe75f80c800 Uncommon trap: reason=bimorphic action=maybe_recompile pc=0x0000000110c1dd4c method=java.util.HashMap.putVal(ILjava/lang/Object;Ljava/lang/Object;ZZ)Ljava/lang/Object; @ 253
Event: 9.157 Thread 0x00007fe75f80c800 Uncommon trap: reason=bimorphic action=maybe_recompile pc=0x0000000110c1dd4c method=java.util.HashMap.putVal(ILjava/lang/Object;Ljava/lang/Object;ZZ)Ljava/lang/Object; @ 253
Event: 9.282 Thread 0x00007fe75f80c800 Uncommon trap: reason=unreached action=reinterpret pc=0x0000000110d2ba30 method=java.lang.reflect.Method.equals(Ljava/lang/Object;)Z @ 1
Event: 9.554 Thread 0x00007fe75f80c800 Uncommon trap: reason=bimorphic action=maybe_recompile pc=0x0000000110c1dd4c method=java.util.HashMap.putVal(ILjava/lang/Object;Ljava/lang/Object;ZZ)Ljava/lang/Object; @ 253
Event: 321.066 Thread 0x00007fe762000000 Uncommon trap: reason=class_check action=maybe_recompile pc=0x000000011098fda8 method=java.util.concurrent.ConcurrentHashMap.putVal(Ljava/lang/Object;Ljava/lang/Object;Z)Ljava/lang/Object; @ 192
Event: 321.084 Thread 0x00007fe762000000 Uncommon trap: reason=class_check action=maybe_recompile pc=0x00000001107bb410 method=java.lang.String.equals(Ljava/lang/Object;)Z @ 8

Internal exceptions (10 events):
Event: 322.017 Thread 0x00007fe762000000 Exception <a 'java/security/PrivilegedActionException'> (0x000000079b0c4fb8) thrown at [/HUDSON3/workspace/8-2-build-macosx-x86_64/jdk8u25/1514/hotspot/src/share/vm/prims/jvm.cpp, line 1312]
Event: 322.018 Thread 0x00007fe762000000 Exception <a 'java/security/PrivilegedActionException'> (0x000000079b0d09c0) thrown at [/HUDSON3/workspace/8-2-build-macosx-x86_64/jdk8u25/1514/hotspot/src/share/vm/prims/jvm.cpp, line 1312]
Event: 322.018 Thread 0x00007fe762000000 Exception <a 'java/security/PrivilegedActionException'> (0x000000079b0db898) thrown at [/HUDSON3/workspace/8-2-build-macosx-x86_64/jdk8u25/1514/hotspot/src/share/vm/prims/jvm.cpp, line 1312]
Event: 322.019 Thread 0x00007fe762000000 Exception <a 'java/security/PrivilegedActionException'> (0x000000079b0e7e38) thrown at [/HUDSON3/workspace/8-2-build-macosx-x86_64/jdk8u25/1514/hotspot/src/share/vm/prims/jvm.cpp, line 1312]
Event: 322.019 Thread 0x00007fe762000000 Exception <a 'java/security/PrivilegedActionException'> (0x000000079b0f3238) thrown at [/HUDSON3/workspace/8-2-build-macosx-x86_64/jdk8u25/1514/hotspot/src/share/vm/prims/jvm.cpp, line 1312]
Event: 322.020 Thread 0x00007fe762000000 Exception <a 'java/security/PrivilegedActionException'> (0x000000079b0fec98) thrown at [/HUDSON3/workspace/8-2-build-macosx-x86_64/jdk8u25/1514/hotspot/src/share/vm/prims/jvm.cpp, line 1312]
Event: 322.020 Thread 0x00007fe762000000 Exception <a 'java/security/PrivilegedActionException'> (0x000000079b109c50) thrown at [/HUDSON3/workspace/8-2-build-macosx-x86_64/jdk8u25/1514/hotspot/src/share/vm/prims/jvm.cpp, line 1312]
Event: 322.021 Thread 0x00007fe762000000 Exception <a 'java/security/PrivilegedActionException'> (0x000000079b114fd0) thrown at [/HUDSON3/workspace/8-2-build-macosx-x86_64/jdk8u25/1514/hotspot/src/share/vm/prims/jvm.cpp, line 1312]
Event: 322.021 Thread 0x00007fe762000000 Exception <a 'java/security/PrivilegedActionException'> (0x000000079b120348) thrown at [/HUDSON3/workspace/8-2-build-macosx-x86_64/jdk8u25/1514/hotspot/src/share/vm/prims/jvm.cpp, line 1312]
Event: 322.153 Thread 0x00007fe762000000 Exception <a 'java/security/PrivilegedActionException'> (0x0000000795a84ce0) thrown at [/HUDSON3/workspace/8-2-build-macosx-x86_64/jdk8u25/1514/hotspot/src/share/vm/prims/jvm.cpp, line 1312]

Events (10 events):
Event: 322.111 Executing VM operation: RevokeBias
Event: 322.112 Executing VM operation: RevokeBias done
Event: 322.112 Executing VM operation: RevokeBias
Event: 322.112 Executing VM operation: RevokeBias done
Event: 322.112 Executing VM operation: RevokeBias
Event: 322.112 Executing VM operation: RevokeBias done
Event: 322.152 loading class java/lang/StrictMath
Event: 322.152 loading class java/lang/StrictMath done
Event: 322.153 loading class com/sun/jna/Native$Buffers
Event: 322.153 loading class com/sun/jna/Native$Buffers done


Dynamic libraries:
0x0000000017952000 	/System/Library/Frameworks/Cocoa.framework/Versions/A/Cocoa
0x0000000017952000 	/System/Library/Frameworks/Security.framework/Versions/A/Security
0x0000000017952000 	/System/Library/Frameworks/ApplicationServices.framework/Versions/A/ApplicationServices
0x0000000017952000 	/usr/lib/libz.1.dylib
0x0000000017952000 	/usr/lib/libSystem.B.dylib
0x0000000017952000 	/usr/lib/libobjc.A.dylib
0x0000000017952000 	/System/Library/Frameworks/CoreFoundation.framework/Versions/A/CoreFoundation
0x0000000017952000 	/System/Library/Frameworks/Foundation.framework/Versions/C/Foundation
0x0000000017952000 	/System/Library/Frameworks/AppKit.framework/Versions/C/AppKit
0x0000000017952000 	/System/Library/Frameworks/CoreData.framework/Versions/A/CoreData
0x0000000017952000 	/System/Library/PrivateFrameworks/RemoteViewServices.framework/Versions/A/RemoteViewServices
0x0000000017952000 	/System/Library/PrivateFrameworks/UIFoundation.framework/Versions/A/UIFoundation
0x0000000017952000 	/System/Library/PrivateFrameworks/DFRFoundation.framework/Versions/A/DFRFoundation
0x0000000017952000 	/System/Library/Frameworks/Metal.framework/Versions/A/Metal
0x0000000017952000 	/System/Library/PrivateFrameworks/DesktopServicesPriv.framework/Versions/A/DesktopServicesPriv
0x0000000017952000 	/usr/lib/libenergytrace.dylib
0x0000000017952000 	/System/Library/PrivateFrameworks/SkyLight.framework/Versions/A/SkyLight
0x0000000017952000 	/System/Library/Frameworks/CoreGraphics.framework/Versions/A/CoreGraphics
0x0000000017952000 	/usr/lib/libScreenReader.dylib
0x0000000017952000 	/System/Library/Frameworks/Accelerate.framework/Versions/A/Accelerate
0x0000000017952000 	/System/Library/Frameworks/IOSurface.framework/Versions/A/IOSurface
0x0000000017952000 	/System/Library/Frameworks/AudioToolbox.framework/Versions/A/AudioToolbox
0x0000000017952000 	/System/Library/Frameworks/AudioUnit.framework/Versions/A/AudioUnit
0x0000000017952000 	/System/Library/PrivateFrameworks/DataDetectorsCore.framework/Versions/A/DataDetectorsCore
0x0000000017952000 	/System/Library/Frameworks/Carbon.framework/Versions/A/Frameworks/HIToolbox.framework/Versions/A/HIToolbox
0x0000000017952000 	/usr/lib/libicucore.A.dylib
0x0000000017952000 	/System/Library/Frameworks/QuartzCore.framework/Versions/A/QuartzCore
0x0000000017952000 	/System/Library/PrivateFrameworks/SignpostNotification.framework/Versions/A/SignpostNotification
0x0000000017952000 	/System/Library/Frameworks/Carbon.framework/Versions/A/Frameworks/SpeechRecognition.framework/Versions/A/SpeechRecognition
0x0000000017952000 	/usr/lib/libauto.dylib
0x0000000017952000 	/usr/lib/libxml2.2.dylib
0x0000000017952000 	/System/Library/PrivateFrameworks/CoreUI.framework/Versions/A/CoreUI
0x0000000017952000 	/System/Library/Frameworks/CoreAudio.framework/Versions/A/CoreAudio
0x0000000017952000 	/System/Library/Frameworks/DiskArbitration.framework/Versions/A/DiskArbitration
0x0000000017952000 	/usr/lib/liblangid.dylib
0x0000000017952000 	/System/Library/PrivateFrameworks/MultitouchSupport.framework/Versions/A/MultitouchSupport
0x0000000017952000 	/System/Library/Frameworks/IOKit.framework/Versions/A/IOKit
0x0000000017952000 	/usr/lib/libDiagnosticMessagesClient.dylib
0x0000000017952000 	/System/Library/Frameworks/CoreServices.framework/Versions/A/CoreServices
0x0000000017952000 	/System/Library/PrivateFrameworks/PerformanceAnalysis.framework/Versions/A/PerformanceAnalysis
0x0000000017952000 	/System/Library/Frameworks/OpenGL.framework/Versions/A/OpenGL
0x0000000017952000 	/System/Library/Frameworks/ColorSync.framework/Versions/A/ColorSync
0x0000000017952000 	/System/Library/Frameworks/CoreImage.framework/Versions/A/CoreImage
0x0000000017952000 	/System/Library/Frameworks/CoreText.framework/Versions/A/CoreText
0x0000000017952000 	/System/Library/Frameworks/ImageIO.framework/Versions/A/ImageIO
0x0000000017952000 	/System/Library/PrivateFrameworks/Backup.framework/Versions/A/Backup
0x0000000017952000 	/usr/lib/libarchive.2.dylib
0x0000000017952000 	/System/Library/Frameworks/CFNetwork.framework/Versions/A/CFNetwork
0x0000000017952000 	/System/Library/Frameworks/SystemConfiguration.framework/Versions/A/SystemConfiguration
0x0000000017952000 	/usr/lib/libCRFSuite.dylib
0x0000000017952000 	/usr/lib/libc++.1.dylib
0x0000000017952000 	/usr/lib/libc++abi.dylib
0x0000000017952000 	/usr/lib/system/libcache.dylib
0x0000000017952000 	/usr/lib/system/libcommonCrypto.dylib
0x0000000017952000 	/usr/lib/system/libcompiler_rt.dylib
0x0000000017952000 	/usr/lib/system/libcopyfile.dylib
0x0000000017952000 	/usr/lib/system/libcorecrypto.dylib
0x0000000017952000 	/usr/lib/system/libdispatch.dylib
0x0000000017952000 	/usr/lib/system/libdyld.dylib
0x0000000017952000 	/usr/lib/system/libkeymgr.dylib
0x0000000017952000 	/usr/lib/system/liblaunch.dylib
0x0000000017952000 	/usr/lib/system/libmacho.dylib
0x0000000017952000 	/usr/lib/system/libquarantine.dylib
0x0000000017952000 	/usr/lib/system/libremovefile.dylib
0x0000000017952000 	/usr/lib/system/libsystem_asl.dylib
0x0000000017952000 	/usr/lib/system/libsystem_blocks.dylib
0x0000000017952000 	/usr/lib/system/libsystem_c.dylib
0x0000000017952000 	/usr/lib/system/libsystem_configuration.dylib
0x0000000017952000 	/usr/lib/system/libsystem_coreservices.dylib
0x0000000017952000 	/usr/lib/system/libsystem_darwin.dylib
0x0000000017952000 	/usr/lib/system/libsystem_dnssd.dylib
0x0000000017952000 	/usr/lib/system/libsystem_info.dylib
0x0000000017952000 	/usr/lib/system/libsystem_m.dylib
0x0000000017952000 	/usr/lib/system/libsystem_malloc.dylib
0x0000000017952000 	/usr/lib/system/libsystem_network.dylib
0x0000000017952000 	/usr/lib/system/libsystem_networkextension.dylib
0x0000000017952000 	/usr/lib/system/libsystem_notify.dylib
0x0000000017952000 	/usr/lib/system/libsystem_sandbox.dylib
0x0000000017952000 	/usr/lib/system/libsystem_secinit.dylib
0x0000000017952000 	/usr/lib/system/libsystem_kernel.dylib
0x0000000017952000 	/usr/lib/system/libsystem_platform.dylib
0x0000000017952000 	/usr/lib/system/libsystem_pthread.dylib
0x0000000017952000 	/usr/lib/system/libsystem_symptoms.dylib
0x0000000017952000 	/usr/lib/system/libsystem_trace.dylib
0x0000000017952000 	/usr/lib/system/libunwind.dylib
0x0000000017952000 	/usr/lib/system/libxpc.dylib
0x0000000017952000 	/usr/lib/closure/libclosured.dylib
0x0000000017952000 	/usr/lib/libbsm.0.dylib
0x0000000017952000 	/usr/lib/system/libkxld.dylib
0x0000000017952000 	/usr/lib/libOpenScriptingUtil.dylib
0x0000000017952000 	/usr/lib/libcoretls.dylib
0x0000000017952000 	/usr/lib/libcoretls_cfhelpers.dylib
0x0000000017952000 	/usr/lib/libpam.2.dylib
0x0000000017952000 	/usr/lib/libsqlite3.dylib
0x0000000017952000 	/usr/lib/libxar.1.dylib
0x0000000017952000 	/usr/lib/libbz2.1.0.dylib
0x0000000017952000 	/usr/lib/liblzma.5.dylib
0x0000000017952000 	/usr/lib/libnetwork.dylib
0x0000000017952000 	/usr/lib/libapple_nghttp2.dylib
0x0000000017952000 	/usr/lib/libpcap.A.dylib
0x0000000017952000 	/usr/lib/libboringssl.dylib
0x0000000017952000 	/usr/lib/libusrtcp.dylib
0x0000000017952000 	/usr/lib/libapple_crypto.dylib
0x0000000017952000 	/System/Library/Frameworks/CoreServices.framework/Versions/A/Frameworks/FSEvents.framework/Versions/A/FSEvents
0x0000000017952000 	/System/Library/Frameworks/CoreServices.framework/Versions/A/Frameworks/CarbonCore.framework/Versions/A/CarbonCore
0x0000000017952000 	/System/Library/Frameworks/CoreServices.framework/Versions/A/Frameworks/Metadata.framework/Versions/A/Metadata
0x0000000017952000 	/System/Library/Frameworks/CoreServices.framework/Versions/A/Frameworks/OSServices.framework/Versions/A/OSServices
0x0000000017952000 	/System/Library/Frameworks/CoreServices.framework/Versions/A/Frameworks/SearchKit.framework/Versions/A/SearchKit
0x0000000017952000 	/System/Library/Frameworks/CoreServices.framework/Versions/A/Frameworks/AE.framework/Versions/A/AE
0x0000000017952000 	/System/Library/Frameworks/CoreServices.framework/Versions/A/Frameworks/LaunchServices.framework/Versions/A/LaunchServices
0x0000000017952000 	/System/Library/Frameworks/CoreServices.framework/Versions/A/Frameworks/DictionaryServices.framework/Versions/A/DictionaryServices
0x0000000017952000 	/System/Library/Frameworks/CoreServices.framework/Versions/A/Frameworks/SharedFileList.framework/Versions/A/SharedFileList
0x0000000017952000 	/System/Library/Frameworks/NetFS.framework/Versions/A/NetFS
0x0000000017952000 	/System/Library/PrivateFrameworks/NetAuth.framework/Versions/A/NetAuth
0x0000000017952000 	/System/Library/PrivateFrameworks/login.framework/Versions/A/Frameworks/loginsupport.framework/Versions/A/loginsupport
0x0000000017952000 	/System/Library/PrivateFrameworks/TCC.framework/Versions/A/TCC
0x0000000017952000 	/usr/lib/libmecabra.dylib
0x0000000017952000 	/System/Library/Frameworks/ApplicationServices.framework/Versions/A/Frameworks/ATS.framework/Versions/A/ATS
0x0000000017952000 	/System/Library/Frameworks/ApplicationServices.framework/Versions/A/Frameworks/ColorSyncLegacy.framework/Versions/A/ColorSyncLegacy
0x0000000017952000 	/System/Library/Frameworks/ApplicationServices.framework/Versions/A/Frameworks/HIServices.framework/Versions/A/HIServices
0x0000000017952000 	/System/Library/Frameworks/ApplicationServices.framework/Versions/A/Frameworks/LangAnalysis.framework/Versions/A/LangAnalysis
0x0000000017952000 	/System/Library/Frameworks/ApplicationServices.framework/Versions/A/Frameworks/PrintCore.framework/Versions/A/PrintCore
0x0000000017952000 	/System/Library/Frameworks/ApplicationServices.framework/Versions/A/Frameworks/QD.framework/Versions/A/QD
0x0000000017952000 	/System/Library/Frameworks/ApplicationServices.framework/Versions/A/Frameworks/SpeechSynthesis.framework/Versions/A/SpeechSynthesis
0x0000000017952000 	/System/Library/Frameworks/CoreDisplay.framework/Versions/A/CoreDisplay
0x0000000017952000 	/System/Library/Frameworks/Accelerate.framework/Versions/A/Frameworks/vImage.framework/Versions/A/vImage
0x0000000017952000 	/System/Library/Frameworks/Accelerate.framework/Versions/A/Frameworks/vecLib.framework/Versions/A/vecLib
0x0000000017952000 	/System/Library/Frameworks/Accelerate.framework/Versions/A/Frameworks/vecLib.framework/Versions/A/libvDSP.dylib
0x0000000017952000 	/System/Library/Frameworks/Accelerate.framework/Versions/A/Frameworks/vecLib.framework/Versions/A/libBNNS.dylib
0x0000000017952000 	/System/Library/Frameworks/Accelerate.framework/Versions/A/Frameworks/vecLib.framework/Versions/A/libQuadrature.dylib
0x0000000017952000 	/System/Library/Frameworks/Accelerate.framework/Versions/A/Frameworks/vecLib.framework/Versions/A/libvMisc.dylib
0x0000000017952000 	/System/Library/Frameworks/Accelerate.framework/Versions/A/Frameworks/vecLib.framework/Versions/A/libLAPACK.dylib
0x0000000017952000 	/System/Library/Frameworks/Accelerate.framework/Versions/A/Frameworks/vecLib.framework/Versions/A/libBLAS.dylib
0x0000000017952000 	/System/Library/Frameworks/Accelerate.framework/Versions/A/Frameworks/vecLib.framework/Versions/A/libLinearAlgebra.dylib
0x0000000017952000 	/System/Library/Frameworks/Accelerate.framework/Versions/A/Frameworks/vecLib.framework/Versions/A/libSparse.dylib
0x0000000017952000 	/System/Library/Frameworks/Accelerate.framework/Versions/A/Frameworks/vecLib.framework/Versions/A/libSparseBLAS.dylib
0x0000000017952000 	/System/Library/PrivateFrameworks/GPUWrangler.framework/Versions/A/GPUWrangler
0x0000000017952000 	/System/Library/PrivateFrameworks/IOAccelerator.framework/Versions/A/IOAccelerator
0x0000000017952000 	/System/Library/PrivateFrameworks/IOPresentment.framework/Versions/A/IOPresentment
0x0000000017952000 	/System/Library/PrivateFrameworks/DSExternalDisplay.framework/Versions/A/DSExternalDisplay
0x0000000017952000 	/System/Library/Frameworks/OpenGL.framework/Versions/A/Libraries/libCoreFSCache.dylib
0x0000000017952000 	/System/Library/Frameworks/CoreVideo.framework/Versions/A/CoreVideo
0x0000000017952000 	/System/Library/PrivateFrameworks/GraphVisualizer.framework/Versions/A/GraphVisualizer
0x0000000017952000 	/System/Library/Frameworks/MetalPerformanceShaders.framework/Versions/A/MetalPerformanceShaders
0x0000000017952000 	/usr/lib/libFosl_dynamic.dylib
0x0000000017952000 	/System/Library/PrivateFrameworks/FaceCore.framework/Versions/A/FaceCore
0x0000000017952000 	/System/Library/Frameworks/OpenCL.framework/Versions/A/OpenCL
0x0000000017952000 	/usr/lib/libcompression.dylib
0x0000000017952000 	/System/Library/Frameworks/ApplicationServices.framework/Versions/A/Frameworks/ATS.framework/Versions/A/Resources/libFontParser.dylib
0x0000000017952000 	/System/Library/Frameworks/ApplicationServices.framework/Versions/A/Frameworks/ATS.framework/Versions/A/Resources/libFontRegistry.dylib
0x0000000017952000 	/System/Library/Frameworks/ImageIO.framework/Versions/A/Resources/libJPEG.dylib
0x0000000017952000 	/System/Library/Frameworks/ImageIO.framework/Versions/A/Resources/libTIFF.dylib
0x0000000017952000 	/System/Library/Frameworks/ImageIO.framework/Versions/A/Resources/libPng.dylib
0x0000000017952000 	/System/Library/Frameworks/ImageIO.framework/Versions/A/Resources/libGIF.dylib
0x0000000017952000 	/System/Library/Frameworks/ImageIO.framework/Versions/A/Resources/libJP2.dylib
0x0000000017952000 	/System/Library/Frameworks/ImageIO.framework/Versions/A/Resources/libRadiance.dylib
0x0000000017952000 	/System/Library/PrivateFrameworks/AppleJPEG.framework/Versions/A/AppleJPEG
0x0000000017952000 	/System/Library/Frameworks/MetalPerformanceShaders.framework/Frameworks/MPSCore.framework/Versions/A/MPSCore
0x0000000017952000 	/System/Library/Frameworks/MetalPerformanceShaders.framework/Frameworks/MPSImage.framework/Versions/A/MPSImage
0x0000000017952000 	/System/Library/Frameworks/MetalPerformanceShaders.framework/Frameworks/MPSNeuralNetwork.framework/Versions/A/MPSNeuralNetwork
0x0000000017952000 	/System/Library/Frameworks/MetalPerformanceShaders.framework/Frameworks/MPSMatrix.framework/Versions/A/MPSMatrix
0x0000000017952000 	/System/Library/PrivateFrameworks/MetalTools.framework/Versions/A/MetalTools
0x0000000017952000 	/System/Library/Frameworks/OpenGL.framework/Versions/A/Libraries/libGLU.dylib
0x0000000017952000 	/System/Library/Frameworks/OpenGL.framework/Versions/A/Libraries/libGFXShared.dylib
0x0000000017952000 	/System/Library/Frameworks/OpenGL.framework/Versions/A/Libraries/libGL.dylib
0x0000000017952000 	/System/Library/Frameworks/OpenGL.framework/Versions/A/Libraries/libGLImage.dylib
0x0000000017952000 	/System/Library/Frameworks/OpenGL.framework/Versions/A/Libraries/libCVMSPluginSupport.dylib
0x0000000017952000 	/System/Library/Frameworks/OpenGL.framework/Versions/A/Libraries/libCoreVMClient.dylib
0x0000000017952000 	/usr/lib/libcups.2.dylib
0x0000000017952000 	/System/Library/Frameworks/Kerberos.framework/Versions/A/Kerberos
0x0000000017952000 	/System/Library/Frameworks/GSS.framework/Versions/A/GSS
0x0000000017952000 	/usr/lib/libresolv.9.dylib
0x0000000017952000 	/usr/lib/libiconv.2.dylib
0x0000000017952000 	/System/Library/PrivateFrameworks/Heimdal.framework/Versions/A/Heimdal
0x0000000017952000 	/usr/lib/libheimdal-asn1.dylib
0x0000000017952000 	/System/Library/Frameworks/OpenDirectory.framework/Versions/A/OpenDirectory
0x0000000017952000 	/System/Library/PrivateFrameworks/CommonAuth.framework/Versions/A/CommonAuth
0x0000000017952000 	/System/Library/Frameworks/OpenDirectory.framework/Versions/A/Frameworks/CFOpenDirectory.framework/Versions/A/CFOpenDirectory
0x0000000017952000 	/System/Library/Frameworks/SecurityFoundation.framework/Versions/A/SecurityFoundation
0x0000000017952000 	/System/Library/PrivateFrameworks/APFS.framework/Versions/A/APFS
0x0000000017952000 	/usr/lib/libutil.dylib
0x0000000017952000 	/System/Library/PrivateFrameworks/AppleSauce.framework/Versions/A/AppleSauce
0x0000000017952000 	/System/Library/PrivateFrameworks/LinguisticData.framework/Versions/A/LinguisticData
0x0000000017952000 	/usr/lib/libmarisa.dylib
0x0000000017952000 	/System/Library/PrivateFrameworks/Lexicon.framework/Versions/A/Lexicon
0x0000000017952000 	/usr/lib/libChineseTokenizer.dylib
0x0000000017952000 	/usr/lib/libcmph.dylib
0x0000000017952000 	/System/Library/PrivateFrameworks/LanguageModeling.framework/Versions/A/LanguageModeling
0x0000000017952000 	/System/Library/PrivateFrameworks/CoreEmoji.framework/Versions/A/CoreEmoji
0x0000000017952000 	/System/Library/Frameworks/ServiceManagement.framework/Versions/A/ServiceManagement
0x0000000017952000 	/System/Library/PrivateFrameworks/BackgroundTaskManagement.framework/Versions/A/BackgroundTaskManagement
0x0000000017952000 	/usr/lib/libxslt.1.dylib
0x0000000017952000 	/System/Library/Frameworks/Carbon.framework/Versions/A/Frameworks/Ink.framework/Versions/A/Ink
0x0000000017952000 	/System/Library/PrivateFrameworks/TextureIO.framework/Versions/A/TextureIO
0x0000000017952000 	/usr/lib/libate.dylib
0x0000000017952000 	/System/Library/PrivateFrameworks/CrashReporterSupport.framework/Versions/A/CrashReporterSupport
0x0000000017952000 	/System/Library/PrivateFrameworks/Sharing.framework/Versions/A/Sharing
0x0000000017952000 	/System/Library/PrivateFrameworks/IconServices.framework/Versions/A/IconServices
0x0000000017952000 	/System/Library/PrivateFrameworks/AuthKit.framework/Versions/A/AuthKit
0x0000000017952000 	/System/Library/PrivateFrameworks/Apple80211.framework/Versions/A/Apple80211
0x0000000017952000 	/System/Library/PrivateFrameworks/CoreUtils.framework/Versions/A/CoreUtils
0x0000000017952000 	/System/Library/Frameworks/CoreWLAN.framework/Versions/A/CoreWLAN
0x0000000017952000 	/System/Library/Frameworks/IOBluetooth.framework/Versions/A/IOBluetooth
0x0000000017952000 	/System/Library/PrivateFrameworks/ProtocolBuffer.framework/Versions/A/ProtocolBuffer
0x0000000017952000 	/System/Library/PrivateFrameworks/MobileKeyBag.framework/Versions/A/MobileKeyBag
0x0000000017952000 	/System/Library/PrivateFrameworks/CorePhoneNumbers.framework/Versions/A/CorePhoneNumbers
0x0000000017952000 	/System/Library/PrivateFrameworks/AppleIDAuthSupport.framework/Versions/A/AppleIDAuthSupport
0x0000000017952000 	/System/Library/PrivateFrameworks/KeychainCircle.framework/Versions/A/KeychainCircle
0x0000000017952000 	/System/Library/PrivateFrameworks/CoreWiFi.framework/Versions/A/CoreWiFi
0x0000000017952000 	/System/Library/Frameworks/CoreBluetooth.framework/Versions/A/CoreBluetooth
0x0000000017952000 	/System/Library/PrivateFrameworks/DebugSymbols.framework/Versions/A/DebugSymbols
0x0000000017952000 	/System/Library/PrivateFrameworks/CoreSymbolication.framework/Versions/A/CoreSymbolication
0x0000000017952000 	/System/Library/PrivateFrameworks/Symbolication.framework/Versions/A/Symbolication
0x0000000017952000 	/System/Library/PrivateFrameworks/AppleFSCompression.framework/Versions/A/AppleFSCompression
0x0000000017952000 	/System/Library/PrivateFrameworks/SpeechRecognitionCore.framework/Versions/A/SpeechRecognitionCore
0x000000010f22d000 	/Library/Java/JavaVirtualMachines/jdk1.8.0_25.jdk/Contents/Home/jre/lib/server/libjvm.dylib
0x0000000017952000 	/usr/lib/libstdc++.6.0.9.dylib
0x000000010f020000 	/Library/Java/JavaVirtualMachines/jdk1.8.0_25.jdk/Contents/Home/jre/lib/libverify.dylib
0x000000010f02e000 	/Library/Java/JavaVirtualMachines/jdk1.8.0_25.jdk/Contents/Home/jre/lib/libjava.dylib
0x000000010f0ac000 	/Library/Java/JavaVirtualMachines/jdk1.8.0_25.jdk/Contents/Home/jre/lib/libzip.dylib
0x0000000017952000 	/System/Library/Frameworks/JavaVM.framework/Versions/A/Frameworks/JavaRuntimeSupport.framework/Versions/A/JavaRuntimeSupport
0x0000000017952000 	/System/Library/Frameworks/JavaVM.framework/Versions/A/Frameworks/JavaNativeFoundation.framework/Versions/A/JavaNativeFoundation
0x0000000017952000 	/System/Library/Frameworks/JavaVM.framework/Versions/A/JavaVM
0x0000000017952000 	/System/Library/Frameworks/Carbon.framework/Versions/A/Carbon
0x0000000017952000 	/System/Library/PrivateFrameworks/JavaLaunching.framework/Versions/A/JavaLaunching
0x0000000017952000 	/System/Library/Frameworks/Carbon.framework/Versions/A/Frameworks/CommonPanels.framework/Versions/A/CommonPanels
0x0000000017952000 	/System/Library/Frameworks/Carbon.framework/Versions/A/Frameworks/Help.framework/Versions/A/Help
0x0000000017952000 	/System/Library/Frameworks/Carbon.framework/Versions/A/Frameworks/ImageCapture.framework/Versions/A/ImageCapture
0x0000000017952000 	/System/Library/Frameworks/Carbon.framework/Versions/A/Frameworks/OpenScripting.framework/Versions/A/OpenScripting
0x0000000017952000 	/System/Library/Frameworks/Carbon.framework/Versions/A/Frameworks/Print.framework/Versions/A/Print
0x0000000017952000 	/System/Library/Frameworks/Carbon.framework/Versions/A/Frameworks/SecurityHI.framework/Versions/A/SecurityHI
0x000000012735f000 	/Library/Java/JavaVirtualMachines/jdk1.8.0_25.jdk/Contents/Home/jre/lib/libawt.dylib
0x000000012740e000 	/Library/Java/JavaVirtualMachines/jdk1.8.0_25.jdk/Contents/Home/jre/lib/./libmlib_image.dylib
0x00000001274da000 	/Library/Java/JavaVirtualMachines/jdk1.8.0_25.jdk/Contents/Home/jre/lib/libawt_lwawt.dylib
0x000000012758d000 	/Library/Java/JavaVirtualMachines/jdk1.8.0_25.jdk/Contents/Home/jre/lib/./libosxapp.dylib
0x0000000017952000 	/System/Library/Frameworks/ExceptionHandling.framework/Versions/A/ExceptionHandling
0x0000000017952000 	/System/Library/PrivateFrameworks/CoreServicesInternal.framework/Versions/A/CoreServicesInternal
0x0000000017952000 	/System/Library/CoreServices/RawCamera.bundle/Contents/MacOS/RawCamera
0x0000000017952000 	/System/Library/PrivateFrameworks/MobileAsset.framework/Versions/A/MobileAsset
0x0000000017952000 	/System/Library/PrivateFrameworks/StreamingZip.framework/Versions/A/StreamingZip
0x0000000017952000 	/System/Library/Frameworks/MediaToolbox.framework/Versions/A/MediaToolbox
0x0000000017952000 	/System/Library/PrivateFrameworks/CoreAVCHD.framework/Versions/A/CoreAVCHD
0x0000000017952000 	/System/Library/Frameworks/MediaAccessibility.framework/Versions/A/MediaAccessibility
0x0000000017952000 	/System/Library/PrivateFrameworks/Mangrove.framework/Versions/A/Mangrove
0x0000000017952000 	/System/Library/Frameworks/CoreMedia.framework/Versions/A/CoreMedia
0x0000000017952000 	/System/Library/Frameworks/VideoToolbox.framework/Versions/A/VideoToolbox
0x0000000017952000 	/System/Library/PrivateFrameworks/CoreAUC.framework/Versions/A/CoreAUC
0x0000000017952000 	/usr/lib/libspindump.dylib
0x0000000017952000 	/System/Library/PrivateFrameworks/AppleVA.framework/Versions/A/AppleVA
0x0000000017952000 	/System/Library/Frameworks/Accelerate.framework/Versions/A/Frameworks/vImage.framework/Versions/A/Libraries/libCGInterfaces.dylib
0x0000000017952000 	/System/Library/Frameworks/ApplicationServices.framework/Versions/A/Frameworks/ATS.framework/Versions/A/Resources/libTrueTypeScaler.dylib
0x0000000017952000 	/System/Library/Frameworks/OpenGL.framework/Versions/A/Resources/GLEngine.bundle/GLEngine
0x0000000017952000 	/System/Library/Frameworks/OpenGL.framework/Versions/A/Libraries/libGLProgrammability.dylib
0x0000000129173000 	/System/Library/Extensions/GeForceTeslaGLDriver.bundle/Contents/MacOS/GeForceTeslaGLDriver
0x0000000017952000 	/System/Library/Extensions/GeForceTeslaGLDriver.bundle/Contents/MacOS/libclh.dylib
0x0000000017952000 	/System/Library/PrivateFrameworks/GPUSupport.framework/Versions/A/Libraries/libGPUSupport.dylib
0x0000000017952000 	/System/Library/Frameworks/OpenGL.framework/Versions/A/Resources/GLRendererFloat.bundle/GLRendererFloat
0x0000000017952000 	/System/Library/Frameworks/OpenCL.framework/Versions/A/Libraries/libcldcpuengine.dylib
0x0000000017952000 	/usr/lib/libcrypto.35.dylib
0x0000000017952000 	/System/Library/PrivateFrameworks/TrustEvaluationAgent.framework/Versions/A/TrustEvaluationAgent
0x0000000017952000 	/System/Library/PrivateFrameworks/FamilyControls.framework/Versions/A/FamilyControls
0x0000000017952000 	/System/Library/PrivateFrameworks/CommerceKit.framework/Versions/A/Frameworks/CommerceCore.framework/Versions/A/CommerceCore
0x0000000017952000 	/System/Library/PrivateFrameworks/SystemAdministration.framework/Versions/A/SystemAdministration
0x0000000017952000 	/System/Library/PrivateFrameworks/AppContainer.framework/Versions/A/AppContainer
0x0000000017952000 	/System/Library/PrivateFrameworks/SecCodeWrapper.framework/Versions/A/SecCodeWrapper
0x0000000017952000 	/System/Library/PrivateFrameworks/DiskManagement.framework/Versions/A/DiskManagement
0x0000000017952000 	/System/Library/Frameworks/DirectoryService.framework/Versions/A/DirectoryService
0x0000000017952000 	/System/Library/PrivateFrameworks/DiskImages.framework/Versions/A/DiskImages
0x0000000017952000 	/System/Library/PrivateFrameworks/LoginUIKit.framework/Versions/A/Frameworks/LoginUICore.framework/Versions/A/LoginUICore
0x0000000017952000 	/usr/lib/libCoreStorage.dylib
0x0000000017952000 	/usr/lib/libcsfde.dylib
0x0000000017952000 	/usr/lib/libodfde.dylib
0x0000000017952000 	/System/Library/PrivateFrameworks/MediaKit.framework/Versions/A/MediaKit
0x0000000017952000 	/System/Library/Frameworks/DiscRecording.framework/Versions/A/DiscRecording
0x0000000017952000 	/System/Library/PrivateFrameworks/EFILogin.framework/Versions/A/EFILogin
0x0000000017952000 	/System/Library/PrivateFrameworks/ProtectedCloudStorage.framework/Versions/A/ProtectedCloudStorage
0x0000000017952000 	/usr/lib/libcurl.4.dylib
0x0000000017952000 	/usr/lib/libssl.35.dylib
0x0000000017952000 	/System/Library/Frameworks/LDAP.framework/Versions/A/LDAP
0x0000000017952000 	/usr/lib/libsasl2.2.dylib
0x0000000017952000 	/System/Library/PrivateFrameworks/CoreDaemon.framework/Versions/B/CoreDaemon
0x0000000017952000 	/System/Library/PrivateFrameworks/AppleSRP.framework/Versions/A/AppleSRP
0x0000000017952000 	/System/Library/PrivateFrameworks/ViewBridge.framework/Versions/A/ViewBridge
0x000000012ad4d000 	/Library/Java/JavaVirtualMachines/jdk1.8.0_25.jdk/Contents/Home/jre/lib/libmanagement.dylib
0x000000012bd38000 	/Library/Java/JavaVirtualMachines/jdk1.8.0_25.jdk/Contents/Home/jre/lib/libnet.dylib
0x000000012b13c000 	/Library/Java/JavaVirtualMachines/jdk1.8.0_25.jdk/Contents/Home/jre/lib/libnio.dylib
0x0000000128f2e000 	/Library/Java/JavaVirtualMachines/jdk1.8.0_25.jdk/Contents/Home/jre/lib/libjpeg.dylib
0x0000000128f5b000 	/private/var/folders/vt/g1sx1zzs4pz14hxw8_lgdt3r0000gp/T/jna--1335250021/jna6960716016096691659.tmp
0x000000012dbb2000 	/usr/local/lib/libtesseract.dylib
0x000000012e0a3000 	/usr/local/opt/leptonica/lib/liblept.5.dylib
0x0000000128f71000 	/usr/local/opt/libpng/lib/libpng16.16.dylib
0x0000000128f9c000 	/usr/local/opt/jpeg/lib/libjpeg.9.dylib
0x0000000128fcf000 	/usr/local/opt/giflib/lib/libgif.7.dylib
0x0000000128fd8000 	/usr/local/opt/libtiff/lib/libtiff.5.dylib
0x0000000129041000 	/usr/local/opt/webp/lib/libwebp.7.dylib
0x00000001290a4000 	/usr/local/opt/openjpeg/lib/libopenjp2.7.dylib

VM Arguments:
jvm_args: -Dfile.encoding=UTF-8 
java_command: ocrlocal.Application
java_class_path (initial): /Library/Java/JavaVirtualMachines/jdk1.8.0_25.jdk/Contents/Home/jre/lib/resources.jar:/Library/Java/JavaVirtualMachines/jdk1.8.0_25.jdk/Contents/Home/jre/lib/rt.jar:/Library/Java/JavaVirtualMachines/jdk1.8.0_25.jdk/Contents/Home/jre/lib/jsse.jar:/Library/Java/JavaVirtualMachines/jdk1.8.0_25.jdk/Contents/Home/jre/lib/jce.jar:/Library/Java/JavaVirtualMachines/jdk1.8.0_25.jdk/Contents/Home/jre/lib/charsets.jar:/Library/Java/JavaVirtualMachines/jdk1.8.0_25.jdk/Contents/Home/jre/lib/jfr.jar:/Library/Java/JavaVirtualMachines/jdk1.8.0_25.jdk/Contents/Home/jre/lib/ext/sunec.jar:/Library/Java/JavaVirtualMachines/jdk1.8.0_25.jdk/Contents/Home/jre/lib/ext/nashorn.jar:/Library/Java/JavaVirtualMachines/jdk1.8.0_25.jdk/Contents/Home/jre/lib/ext/cldrdata.jar:/Library/Java/JavaVirtualMachines/jdk1.8.0_25.jdk/Contents/Home/jre/lib/ext/jfxrt.jar:/Library/Java/JavaVirtualMachines/jdk1.8.0_25.jdk/Contents/Home/jre/lib/ext/dnsns.jar:/Library/Java/JavaVirtualMachines/jdk1.8.0_25.jdk/Contents/Home/jre/lib/ext/localedata.jar:/Library/Java/JavaVirtualMachines/jdk1.8.0_25.jdk/Contents/Home/jre/lib/ext/sunjce_provider.jar:/Library/Java/JavaVirtualMachines/jdk1.8.0_25.jdk/Contents/Home/jre/lib/ext/sunpkcs11.jar:/Library/Java/JavaVirtualMachines/jdk1.8.0_25.jdk/Contents/Home/jre/lib/ext/zipfs.jar:/System/Library/Java/Extensions/MRJToolkit.jar:/Users/desenv/eclipse-workspace/tolalitatuto/target/classes:/Users/desenv/.m2/repository/org/springframework/boot/spring-boot-starter/2.1.4.RELEASE/spring-boot-starter-2.1.4.RELEASE.jar:/Users/desenv/.m2/repository/org/springframework/boot/spring-boot/2.1.4.RELEASE/spring-boot-2.1.4.RELEASE.jar:/Users/desenv/.m2/repository/org/springframework/spring-context/5.1.6.RELEASE/spring-context-5.1.6.RELEASE.jar:/Users/desenv/.m2/repository/org/springframework/boot/spring-boot-autoconfigure/2.1.4.RELEASE/spring-boot-autoconfigure-2.1.4.RELEASE.jar:/Users/desenv/.m2/repository/org/springframework/boot/spring-boot-starter-logging/2.1.4.RE
Launcher Type: SUN_STANDARD

Environment Variables:
PATH=/usr/bin:/bin:/usr/sbin:/sbin
SHELL=/bin/zsh
DISPLAY=/private/tmp/com.apple.launchd.qp8IfHK1Si/org.macosforge.xquartz:0

Signal Handlers:
SIGSEGV: [libjvm.dylib+0x579dc7], sa_mask[0]=11111111011111110111111111111111, sa_flags=SA_ONSTACK|SA_RESTART|SA_SIGINFO
SIGBUS: [libjvm.dylib+0x579dc7], sa_mask[0]=11111111011111110111111111111111, sa_flags=SA_RESTART|SA_SIGINFO
SIGFPE: [libjvm.dylib+0x45b030], sa_mask[0]=11111111011111110111111111111111, sa_flags=SA_RESTART|SA_SIGINFO
SIGPIPE: [libjvm.dylib+0x45b030], sa_mask[0]=11111111011111110111111111111111, sa_flags=SA_RESTART|SA_SIGINFO
SIGXFSZ: [libjvm.dylib+0x45b030], sa_mask[0]=11111111011111110111111111111111, sa_flags=SA_RESTART|SA_SIGINFO
SIGILL: [libjvm.dylib+0x45b030], sa_mask[0]=11111111011111110111111111111111, sa_flags=SA_RESTART|SA_SIGINFO
SIGUSR1: SIG_DFL, sa_mask[0]=00000000000000000000000000000000, sa_flags=none
SIGUSR2: [libjvm.dylib+0x45ab4e], sa_mask[0]=00100000000000000000000000000000, sa_flags=SA_RESTART|SA_SIGINFO
SIGHUP: [libjvm.dylib+0x459121], sa_mask[0]=11111111011111110111111111111111, sa_flags=SA_RESTART|SA_SIGINFO
SIGINT: [libjvm.dylib+0x459121], sa_mask[0]=11111111011111110111111111111111, sa_flags=SA_RESTART|SA_SIGINFO
SIGTERM: [libjvm.dylib+0x459121], sa_mask[0]=11111111011111110111111111111111, sa_flags=SA_RESTART|SA_SIGINFO
SIGQUIT: [libjvm.dylib+0x459121], sa_mask[0]=11111111011111110111111111111111, sa_flags=SA_RESTART|SA_SIGINFO


---------------  S Y S T E M  ---------------

OS:Bsduname:Darwin 17.7.0 Darwin Kernel Version 17.7.0: Wed Feb 27 00:43:23 PST 2019; root:xnu-4570.71.35~1/RELEASE_X86_64 x86_64
rlimit: STACK 8192k, CORE 0k, NPROC 709, NOFILE 10240, AS infinity
load average:1.58 3.88 10.65

CPU:total 2 (2 cores per cpu, 1 threads per core) family 6 model 23 stepping 10, cmov, cx8, fxsr, mmx, sse, sse2, sse3, ssse3, sse4.1, tsc

Memory: 4k page, physical 8388608k(278092k free)

/proc/meminfo:


vm_info: Java HotSpot(TM) 64-Bit Server VM (25.25-b02) for bsd-amd64 JRE (1.8.0_25-b17), built on Sep 17 2014 16:56:50 by "java_re" with gcc 4.2.1 (Based on Apple Inc. build 5658) (LLVM build 2336.11.00)

time: Mon Apr 29 07:19:30 2019
elapsed time: 322 seconds (0d 0h 5m 22s)

